[2025-07-29 14:14:43Z INFO HostContext] No proxy settings were found based on environmental variables (http_proxy/https_proxy/HTTP_PROXY/HTTPS_PROXY)
[2025-07-29 14:14:43Z INFO HostContext] Well known directory 'Bin': '/Users/youssouphalam/Documents/cours-ci-cd/mes-tp/github_action/uam_portfolio-ci-cd/actions-runner/bin'
[2025-07-29 14:14:43Z INFO HostContext] Well known directory 'Root': '/Users/youssouphalam/Documents/cours-ci-cd/mes-tp/github_action/uam_portfolio-ci-cd/actions-runner'
[2025-07-29 14:14:43Z INFO HostContext] Well known config file 'Credentials': '/Users/youssouphalam/Documents/cours-ci-cd/mes-tp/github_action/uam_portfolio-ci-cd/actions-runner/.credentials'
[2025-07-29 14:14:44Z INFO HostContext] Well known directory 'Bin': '/Users/youssouphalam/Documents/cours-ci-cd/mes-tp/github_action/uam_portfolio-ci-cd/actions-runner/bin'
[2025-07-29 14:14:44Z INFO HostContext] Well known directory 'Root': '/Users/youssouphalam/Documents/cours-ci-cd/mes-tp/github_action/uam_portfolio-ci-cd/actions-runner'
[2025-07-29 14:14:44Z INFO HostContext] Well known config file 'Runner': '/Users/youssouphalam/Documents/cours-ci-cd/mes-tp/github_action/uam_portfolio-ci-cd/actions-runner/.runner'
[2025-07-29 14:14:44Z INFO Listener] Runner is built for OSX (X64) - osx-x64.
[2025-07-29 14:14:44Z INFO Listener] RuntimeInformation: Darwin 24.5.0 Darwin Kernel Version 24.5.0: Tue Apr 22 19:53:26 PDT 2025; root:xnu-11417.121.6~2/RELEASE_X86_64.
[2025-07-29 14:14:44Z INFO Listener] Version: 2.326.0
[2025-07-29 14:14:44Z INFO Listener] Commit: de0233c4d64676d8ebd16074221ae1e0e0bf2a13
[2025-07-29 14:14:44Z INFO Listener] Culture: fr-SN
[2025-07-29 14:14:44Z INFO Listener] UI Culture: fr-SN
[2025-07-29 14:14:44Z INFO HostContext] Well known directory 'Bin': '/Users/youssouphalam/Documents/cours-ci-cd/mes-tp/github_action/uam_portfolio-ci-cd/actions-runner/bin'
[2025-07-29 14:14:44Z INFO HostContext] Well known directory 'Root': '/Users/youssouphalam/Documents/cours-ci-cd/mes-tp/github_action/uam_portfolio-ci-cd/actions-runner'
[2025-07-29 14:14:44Z INFO Listener] Validating directory permissions for: '/Users/youssouphalam/Documents/cours-ci-cd/mes-tp/github_action/uam_portfolio-ci-cd/actions-runner'
[2025-07-29 14:14:44Z INFO CommandLineParser] Parse
[2025-07-29 14:14:44Z INFO CommandLineParser] Parsing 1 args
[2025-07-29 14:14:44Z INFO CommandLineParser] parsing argument
[2025-07-29 14:14:44Z INFO CommandLineParser] HasArgs: False
[2025-07-29 14:14:44Z INFO CommandLineParser] Adding Command: run
[2025-07-29 14:14:44Z INFO Listener] Arguments parsed
[2025-07-29 14:14:44Z INFO Runner] ExecuteCommand
[2025-07-29 14:14:44Z INFO ConfigurationStore] currentAssemblyLocation: /Users/youssouphalam/Documents/cours-ci-cd/mes-tp/github_action/uam_portfolio-ci-cd/actions-runner/bin/Runner.Listener.dll
[2025-07-29 14:14:44Z INFO HostContext] Well known directory 'Bin': '/Users/youssouphalam/Documents/cours-ci-cd/mes-tp/github_action/uam_portfolio-ci-cd/actions-runner/bin'
[2025-07-29 14:14:44Z INFO ConfigurationStore] binPath: /Users/youssouphalam/Documents/cours-ci-cd/mes-tp/github_action/uam_portfolio-ci-cd/actions-runner/bin
[2025-07-29 14:14:44Z INFO HostContext] Well known directory 'Bin': '/Users/youssouphalam/Documents/cours-ci-cd/mes-tp/github_action/uam_portfolio-ci-cd/actions-runner/bin'
[2025-07-29 14:14:44Z INFO HostContext] Well known directory 'Root': '/Users/youssouphalam/Documents/cours-ci-cd/mes-tp/github_action/uam_portfolio-ci-cd/actions-runner'
[2025-07-29 14:14:44Z INFO ConfigurationStore] RootFolder: /Users/youssouphalam/Documents/cours-ci-cd/mes-tp/github_action/uam_portfolio-ci-cd/actions-runner
[2025-07-29 14:14:44Z INFO HostContext] Well known directory 'Bin': '/Users/youssouphalam/Documents/cours-ci-cd/mes-tp/github_action/uam_portfolio-ci-cd/actions-runner/bin'
[2025-07-29 14:14:44Z INFO HostContext] Well known directory 'Root': '/Users/youssouphalam/Documents/cours-ci-cd/mes-tp/github_action/uam_portfolio-ci-cd/actions-runner'
[2025-07-29 14:14:44Z INFO HostContext] Well known config file 'Runner': '/Users/youssouphalam/Documents/cours-ci-cd/mes-tp/github_action/uam_portfolio-ci-cd/actions-runner/.runner'
[2025-07-29 14:14:44Z INFO ConfigurationStore] ConfigFilePath: /Users/youssouphalam/Documents/cours-ci-cd/mes-tp/github_action/uam_portfolio-ci-cd/actions-runner/.runner
[2025-07-29 14:14:44Z INFO HostContext] Well known directory 'Bin': '/Users/youssouphalam/Documents/cours-ci-cd/mes-tp/github_action/uam_portfolio-ci-cd/actions-runner/bin'
[2025-07-29 14:14:44Z INFO HostContext] Well known directory 'Root': '/Users/youssouphalam/Documents/cours-ci-cd/mes-tp/github_action/uam_portfolio-ci-cd/actions-runner'
[2025-07-29 14:14:44Z INFO HostContext] Well known config file 'MigratedRunner': '/Users/youssouphalam/Documents/cours-ci-cd/mes-tp/github_action/uam_portfolio-ci-cd/actions-runner/.runner_migrated'
[2025-07-29 14:14:44Z INFO ConfigurationStore] MigratedConfigFilePath: /Users/youssouphalam/Documents/cours-ci-cd/mes-tp/github_action/uam_portfolio-ci-cd/actions-runner/.runner_migrated
[2025-07-29 14:14:44Z INFO HostContext] Well known directory 'Bin': '/Users/youssouphalam/Documents/cours-ci-cd/mes-tp/github_action/uam_portfolio-ci-cd/actions-runner/bin'
[2025-07-29 14:14:44Z INFO HostContext] Well known directory 'Root': '/Users/youssouphalam/Documents/cours-ci-cd/mes-tp/github_action/uam_portfolio-ci-cd/actions-runner'
[2025-07-29 14:14:44Z INFO HostContext] Well known config file 'Credentials': '/Users/youssouphalam/Documents/cours-ci-cd/mes-tp/github_action/uam_portfolio-ci-cd/actions-runner/.credentials'
[2025-07-29 14:14:44Z INFO ConfigurationStore] CredFilePath: /Users/youssouphalam/Documents/cours-ci-cd/mes-tp/github_action/uam_portfolio-ci-cd/actions-runner/.credentials
[2025-07-29 14:14:44Z INFO HostContext] Well known directory 'Bin': '/Users/youssouphalam/Documents/cours-ci-cd/mes-tp/github_action/uam_portfolio-ci-cd/actions-runner/bin'
[2025-07-29 14:14:44Z INFO HostContext] Well known directory 'Root': '/Users/youssouphalam/Documents/cours-ci-cd/mes-tp/github_action/uam_portfolio-ci-cd/actions-runner'
[2025-07-29 14:14:44Z INFO HostContext] Well known config file 'MigratedCredentials': '/Users/youssouphalam/Documents/cours-ci-cd/mes-tp/github_action/uam_portfolio-ci-cd/actions-runner/.credentials_migrated'
[2025-07-29 14:14:44Z INFO ConfigurationStore] MigratedCredFilePath: /Users/youssouphalam/Documents/cours-ci-cd/mes-tp/github_action/uam_portfolio-ci-cd/actions-runner/.credentials_migrated
[2025-07-29 14:14:44Z INFO HostContext] Well known directory 'Bin': '/Users/youssouphalam/Documents/cours-ci-cd/mes-tp/github_action/uam_portfolio-ci-cd/actions-runner/bin'
[2025-07-29 14:14:44Z INFO HostContext] Well known directory 'Root': '/Users/youssouphalam/Documents/cours-ci-cd/mes-tp/github_action/uam_portfolio-ci-cd/actions-runner'
[2025-07-29 14:14:44Z INFO HostContext] Well known config file 'Service': '/Users/youssouphalam/Documents/cours-ci-cd/mes-tp/github_action/uam_portfolio-ci-cd/actions-runner/.service'
[2025-07-29 14:14:44Z INFO ConfigurationStore] ServiceConfigFilePath: /Users/youssouphalam/Documents/cours-ci-cd/mes-tp/github_action/uam_portfolio-ci-cd/actions-runner/.service
[2025-07-29 14:14:44Z INFO CommandSettings] Flag 'help': 'False'
[2025-07-29 14:14:44Z INFO CommandSettings] Flag 'version': 'False'
[2025-07-29 14:14:44Z INFO CommandSettings] Flag 'commit': 'False'
[2025-07-29 14:14:44Z INFO CommandSettings] Flag 'check': 'False'
[2025-07-29 14:14:44Z INFO CommandSettings] Command 'configure': 'False'
[2025-07-29 14:14:44Z INFO CommandSettings] Command 'remove': 'False'
[2025-07-29 14:14:44Z INFO CommandSettings] Command 'warmup': 'False'
[2025-07-29 14:14:44Z INFO ConfigurationManager] LoadSettings
[2025-07-29 14:14:44Z INFO ConfigurationStore] IsConfigured()
[2025-07-29 14:14:44Z INFO ConfigurationStore] IsConfigured: True
[2025-07-29 14:14:44Z INFO ConfigurationManager] Is configured: True
[2025-07-29 14:14:44Z INFO ConfigurationStore] Read setting file: 394 chars
[2025-07-29 14:14:44Z INFO ConfigurationManager] Settings Loaded
[2025-07-29 14:14:44Z INFO ConfigurationStore] IsServiceConfigured()
[2025-07-29 14:14:44Z INFO ConfigurationStore] IsServiceConfigured: False
[2025-07-29 14:14:44Z INFO CommandSettings] Command 'run': 'True'
[2025-07-29 14:14:44Z INFO ConfigurationStore] IsConfigured()
[2025-07-29 14:14:44Z INFO ConfigurationStore] IsConfigured: True
[2025-07-29 14:14:44Z INFO ConfigurationManager] Is configured: True
[2025-07-29 14:14:44Z INFO Runner] Could not parse the argument value '' for StartupType. Defaulting to Manual
[2025-07-29 14:14:44Z INFO Runner] Set runner startup type - Manual
[2025-07-29 14:14:44Z INFO CommandSettings] Flag 'once': 'False'
[2025-07-29 14:14:44Z INFO CommandSettings] Flag 'once': 'False'
[2025-07-29 14:14:44Z INFO Runner] RunAsync
[2025-07-29 14:14:44Z INFO ConfigurationManager] LoadMigratedSettings
[2025-07-29 14:14:44Z INFO ConfigurationStore] IsMigratedConfigured()
[2025-07-29 14:14:44Z INFO ConfigurationStore] IsMigratedConfigured: False
[2025-07-29 14:14:44Z INFO Runner] Failed to load migrated settings: No migrated configuration found.
[2025-07-29 14:14:44Z INFO Runner] Falling back to original .runner settings
[2025-07-29 14:14:44Z INFO Runner] Using BrokerMessageListener
[2025-07-29 14:14:44Z INFO BrokerMessageListener] Using provided settings
[2025-07-29 14:14:44Z INFO BrokerMessageListener] {
  "AgentId": 2,
  "AgentName": "macbookpro",
  "PoolId": 1,
  "PoolName": "Default",
  "ServerUrl": "https://pipelinesghubeus13.actions.githubusercontent.com/u8KZwRJmxLDr8VTeVOmwINpSOJgiTyJxtxfOTygZYl8OXD116x/",
  "GitHubUrl": "https://github.com/youssoulam/uam_portfolio-ci-cd",
  "WorkFolder": "_work",
  "UseV2Flow": true,
  "ServerUrlV2": "https://broker.actions.githubusercontent.com/"
}
[2025-07-29 14:14:44Z INFO BrokerMessageListener] Loading Credentials
[2025-07-29 14:14:44Z INFO ConfigurationStore] HasCredentials()
[2025-07-29 14:14:44Z INFO ConfigurationStore] stored True
[2025-07-29 14:14:44Z INFO CredentialManager] GetCredentialProvider
[2025-07-29 14:14:44Z INFO CredentialManager] Creating type OAuth
[2025-07-29 14:14:44Z INFO CredentialManager] Creating credential type: OAuth
[2025-07-29 14:14:44Z INFO HostContext] Well known directory 'Bin': '/Users/youssouphalam/Documents/cours-ci-cd/mes-tp/github_action/uam_portfolio-ci-cd/actions-runner/bin'
[2025-07-29 14:14:44Z INFO HostContext] Well known directory 'Root': '/Users/youssouphalam/Documents/cours-ci-cd/mes-tp/github_action/uam_portfolio-ci-cd/actions-runner'
[2025-07-29 14:14:44Z INFO HostContext] Well known config file 'RSACredentials': '/Users/youssouphalam/Documents/cours-ci-cd/mes-tp/github_action/uam_portfolio-ci-cd/actions-runner/.credentials_rsaparams'
[2025-07-29 14:14:44Z INFO RSAFileKeyManager] Loading RSA key parameters from file /Users/youssouphalam/Documents/cours-ci-cd/mes-tp/github_action/uam_portfolio-ci-cd/actions-runner/.credentials_rsaparams
[2025-07-29 14:14:44Z INFO BrokerMessageListener] Attempt to create session.
[2025-07-29 14:14:44Z INFO BrokerMessageListener] Connecting to the Broker Server...
[2025-07-29 14:14:44Z INFO ConfigurationStore] HasCredentials()
[2025-07-29 14:14:44Z INFO ConfigurationStore] stored True
[2025-07-29 14:14:44Z INFO CredentialManager] GetCredentialProvider
[2025-07-29 14:14:44Z INFO CredentialManager] Creating type OAuth
[2025-07-29 14:14:44Z INFO CredentialManager] Creating credential type: OAuth
[2025-07-29 14:14:44Z INFO RSAFileKeyManager] Loading RSA key parameters from file /Users/youssouphalam/Documents/cours-ci-cd/mes-tp/github_action/uam_portfolio-ci-cd/actions-runner/.credentials_rsaparams
[2025-07-29 14:14:44Z INFO BrokerMessageListener] VssConnection created
[2025-07-29 14:14:44Z INFO BrokerMessageListener] Connecting to the Runner server...
[2025-07-29 14:14:44Z INFO RunnerServer] EstablishVssConnection
[2025-07-29 14:14:44Z INFO RunnerServer] Establish connection with 100 seconds timeout.
[2025-07-29 14:14:44Z INFO GitHubActionsService] Starting operation Location.GetConnectionData
[2025-07-29 14:14:44Z INFO RunnerServer] EstablishVssConnection
[2025-07-29 14:14:44Z INFO RunnerServer] Establish connection with 60 seconds timeout.
[2025-07-29 14:14:44Z INFO GitHubActionsService] Starting operation Location.GetConnectionData
[2025-07-29 14:14:44Z INFO RunnerServer] EstablishVssConnection
[2025-07-29 14:14:44Z INFO RunnerServer] Establish connection with 60 seconds timeout.
[2025-07-29 14:14:44Z INFO GitHubActionsService] Starting operation Location.GetConnectionData
[2025-07-29 14:14:45Z INFO GitHubActionsService] Finished operation Location.GetConnectionData
[2025-07-29 14:14:45Z INFO GitHubActionsService] Finished operation Location.GetConnectionData
[2025-07-29 14:14:45Z INFO GitHubActionsService] Finished operation Location.GetConnectionData
[2025-07-29 14:14:45Z INFO BrokerMessageListener] VssConnection created
[2025-07-29 14:14:45Z INFO Terminal] WRITE LINE: 
[2025-07-29 14:14:45Z INFO Terminal] WRITE LINE: 
[2025-07-29 14:14:45Z INFO RSAFileKeyManager] Loading RSA key parameters from file /Users/youssouphalam/Documents/cours-ci-cd/mes-tp/github_action/uam_portfolio-ci-cd/actions-runner/.credentials_rsaparams
[2025-07-29 14:14:45Z INFO RSAFileKeyManager] Loading RSA key parameters from file /Users/youssouphalam/Documents/cours-ci-cd/mes-tp/github_action/uam_portfolio-ci-cd/actions-runner/.credentials_rsaparams
[2025-07-29 14:14:46Z INFO GitHubActionsService] AAD Correlation ID for this token request: Unknown
[2025-07-29 14:14:46Z INFO BrokerMessageListener] Session created.
[2025-07-29 14:14:46Z INFO Terminal] WRITE LINE: Current runner version: '2.326.0'
[2025-07-29 14:14:46Z INFO Terminal] WRITE LINE: 2025-07-29 14:14:46Z: Listening for Jobs
[2025-07-29 14:14:46Z INFO JobDispatcher] Set runner/worker IPC timeout to 30 seconds.
[2025-07-29 14:14:48Z INFO ConfigurationStore] HasCredentials()
[2025-07-29 14:14:48Z INFO ConfigurationStore] stored True
[2025-07-29 14:14:48Z INFO CredentialManager] GetCredentialProvider
[2025-07-29 14:14:48Z INFO CredentialManager] Creating type OAuth
[2025-07-29 14:14:48Z INFO CredentialManager] Creating credential type: OAuth
[2025-07-29 14:14:48Z INFO RSAFileKeyManager] Loading RSA key parameters from file /Users/youssouphalam/Documents/cours-ci-cd/mes-tp/github_action/uam_portfolio-ci-cd/actions-runner/.credentials_rsaparams
[2025-07-29 14:14:48Z INFO RSAFileKeyManager] Loading RSA key parameters from file /Users/youssouphalam/Documents/cours-ci-cd/mes-tp/github_action/uam_portfolio-ci-cd/actions-runner/.credentials_rsaparams
[2025-07-29 14:14:48Z INFO RSAFileKeyManager] Loading RSA key parameters from file /Users/youssouphalam/Documents/cours-ci-cd/mes-tp/github_action/uam_portfolio-ci-cd/actions-runner/.credentials_rsaparams
[2025-07-29 14:14:48Z INFO GitHubActionsService] AAD Correlation ID for this token request: Unknown
[2025-07-29 14:14:53Z INFO JobDispatcher] Job request 0 for plan 40e743d6-df19-48c9-af49-e051880a4017 job f3e3e943-9966-5455-afbe-1457f7b1c13e received.
[2025-07-29 14:14:53Z INFO BrokerMessageListener] Received job status event. JobState: Busy
[2025-07-29 14:14:53Z INFO BrokerMessageListener] _getMessagesTokenSource is already disposed.
[2025-07-29 14:14:53Z INFO Terminal] WRITE LINE: 2025-07-29 14:14:53Z: Running job: deploy
[2025-07-29 14:14:53Z INFO JobDispatcher] Start renew job request 0 for job f3e3e943-9966-5455-afbe-1457f7b1c13e.
[2025-07-29 14:14:56Z INFO JobDispatcher] Successfully renew job f3e3e943-9966-5455-afbe-1457f7b1c13e, job is valid till 29/07/2025 14:24:56
[2025-07-29 14:14:56Z INFO HostContext] Well known directory 'Bin': '/Users/youssouphalam/Documents/cours-ci-cd/mes-tp/github_action/uam_portfolio-ci-cd/actions-runner/bin'
[2025-07-29 14:14:56Z INFO ProcessInvokerWrapper] Starting process:
[2025-07-29 14:14:56Z INFO ProcessInvokerWrapper]   File name: '/Users/youssouphalam/Documents/cours-ci-cd/mes-tp/github_action/uam_portfolio-ci-cd/actions-runner/bin/Runner.Worker'
[2025-07-29 14:14:56Z INFO ProcessInvokerWrapper]   Arguments: 'spawnclient 150 153'
[2025-07-29 14:14:56Z INFO ProcessInvokerWrapper]   Working directory: '/Users/youssouphalam/Documents/cours-ci-cd/mes-tp/github_action/uam_portfolio-ci-cd/actions-runner/bin'
[2025-07-29 14:14:56Z INFO ProcessInvokerWrapper]   Require exit code zero: 'False'
[2025-07-29 14:14:56Z INFO ProcessInvokerWrapper]   Encoding web name:  ; code page: ''
[2025-07-29 14:14:56Z INFO ProcessInvokerWrapper]   Force kill process on cancellation: 'True'
[2025-07-29 14:14:56Z INFO ProcessInvokerWrapper]   Redirected STDIN: 'False'
[2025-07-29 14:14:56Z INFO ProcessInvokerWrapper]   Persist current code page: 'False'
[2025-07-29 14:14:56Z INFO ProcessInvokerWrapper]   Keep redirected STDIN open: 'False'
[2025-07-29 14:14:56Z INFO ProcessInvokerWrapper]   High priority process: 'True'
[2025-07-29 14:14:56Z INFO ProcessInvokerWrapper] Process started with process id 15912, waiting for process exit.
[2025-07-29 14:14:56Z INFO JobDispatcher] Send job request message to worker for job f3e3e943-9966-5455-afbe-1457f7b1c13e.
[2025-07-29 14:14:56Z INFO ProcessChannel] Sending message of length 19079, with hash '1946890c3b6b859a991fe567e30863e185448e4533f633b8371053c3e95447d6'
[2025-07-29 14:14:56Z INFO JobNotification] Entering JobStarted Notification
[2025-07-29 14:14:56Z INFO JobNotification] Entering StartMonitor
[2025-07-29 14:15:56Z INFO JobDispatcher] Successfully renew job f3e3e943-9966-5455-afbe-1457f7b1c13e, job is valid till 29/07/2025 14:25:56
[2025-07-29 14:16:56Z INFO JobDispatcher] Successfully renew job f3e3e943-9966-5455-afbe-1457f7b1c13e, job is valid till 29/07/2025 14:26:56
[2025-07-29 14:17:06Z INFO ProcessInvokerWrapper] STDOUT/STDERR stream read finished.
[2025-07-29 14:17:06Z INFO ProcessInvokerWrapper] STDOUT/STDERR stream read finished.
[2025-07-29 14:17:06Z INFO ProcessInvokerWrapper] Finished process 15912 with exit code 102, and elapsed time 00:02:10.1160469.
[2025-07-29 14:17:06Z INFO JobDispatcher] Worker finished for job f3e3e943-9966-5455-afbe-1457f7b1c13e. Code: 102
[2025-07-29 14:17:06Z INFO JobDispatcher] finish job request for job f3e3e943-9966-5455-afbe-1457f7b1c13e with result: Failed
[2025-07-29 14:17:06Z INFO Terminal] WRITE LINE: 2025-07-29 14:17:06Z: Job deploy completed with result: Failed
[2025-07-29 14:17:06Z INFO JobDispatcher] Stop renew job request for job f3e3e943-9966-5455-afbe-1457f7b1c13e.
[2025-07-29 14:17:06Z INFO JobDispatcher] job renew has been cancelled, stop renew job f3e3e943-9966-5455-afbe-1457f7b1c13e.
[2025-07-29 14:17:06Z INFO JobNotification] Entering JobCompleted Notification
[2025-07-29 14:17:06Z INFO JobNotification] Entering EndMonitor
[2025-07-29 14:17:06Z INFO BrokerMessageListener] Received job status event. JobState: Online
[2025-07-29 14:17:06Z WARN GitHubActionsService] GET request to https://broker.actions.githubusercontent.com/message?sessionId=0251e1de-30cb-4d2b-8597-6a373995eef3&status=Busy&runnerVersion=2.326.0&os=macOS&architecture=X64&disableUpdate=false has been cancelled.
[2025-07-29 14:17:06Z ERR  BrokerServer] Catch exception during request
[2025-07-29 14:17:06Z ERR  BrokerServer] System.Threading.Tasks.TaskCanceledException: The operation was canceled.
 ---> System.Threading.Tasks.TaskCanceledException: The operation was canceled.
 ---> System.IO.IOException: Unable to read data from the transport connection: Operation canceled.
 ---> System.Net.Sockets.SocketException (89): Operation canceled
   --- End of inner exception stack trace ---
   at System.Net.Sockets.Socket.AwaitableSocketAsyncEventArgs.ThrowException(SocketError error, CancellationToken cancellationToken)
   at System.Net.Sockets.Socket.AwaitableSocketAsyncEventArgs.System.Threading.Tasks.Sources.IValueTaskSource<System.Int32>.GetResult(Int16 token)
   at System.Net.Security.SslStream.EnsureFullTlsFrameAsync[TIOAdapter](CancellationToken cancellationToken, Int32 estimatedSize)
   at System.Runtime.CompilerServices.PoolingAsyncValueTaskMethodBuilder`1.StateMachineBox`1.System.Threading.Tasks.Sources.IValueTaskSource<TResult>.GetResult(Int16 token)
   at System.Net.Security.SslStream.ReadAsyncInternal[TIOAdapter](Memory`1 buffer, CancellationToken cancellationToken)
   at System.Runtime.CompilerServices.PoolingAsyncValueTaskMethodBuilder`1.StateMachineBox`1.System.Threading.Tasks.Sources.IValueTaskSource<TResult>.GetResult(Int16 token)
   at System.Net.Http.HttpConnection.SendAsync(HttpRequestMessage request, Boolean async, CancellationToken cancellationToken)
   --- End of inner exception stack trace ---
   at System.Net.Http.HttpConnection.SendAsync(HttpRequestMessage request, Boolean async, CancellationToken cancellationToken)
   at System.Net.Http.AuthenticationHelper.SendWithNtAuthAsync(HttpRequestMessage request, Uri authUri, Boolean async, ICredentials credentials, Boolean isProxyAuth, HttpConnection connection, HttpConnectionPool connectionPool, CancellationToken cancellationToken)
   at System.Net.Http.HttpConnectionPool.SendWithVersionDetectionAndRetryAsync(HttpRequestMessage request, Boolean async, Boolean doRequestAuth, CancellationToken cancellationToken)
   at System.Net.Http.AuthenticationHelper.SendWithAuthAsync(HttpRequestMessage request, Uri authUri, Boolean async, ICredentials credentials, Boolean preAuthenticate, Boolean isProxyAuth, Boolean doRequestAuth, HttpConnectionPool pool, CancellationToken cancellationToken)
   at System.Net.Http.RedirectHandler.SendAsync(HttpRequestMessage request, Boolean async, CancellationToken cancellationToken)
   at GitHub.Services.Common.RawHttpMessageHandler.SendAsync(HttpRequestMessage request, CancellationToken cancellationToken)
   at GitHub.Services.Common.VssHttpRetryMessageHandler.SendAsync(HttpRequestMessage request, CancellationToken cancellationToken)
   at System.Net.Http.HttpClient.<SendAsync>g__Core|83_0(HttpRequestMessage request, HttpCompletionOption completionOption, CancellationTokenSource cts, Boolean disposeCts, CancellationTokenSource pendingRequestsCts, CancellationToken originalCancellationToken)
   --- End of inner exception stack trace ---
   at System.Net.Http.HttpClient.HandleFailure(Exception e, Boolean telemetryStarted, HttpResponseMessage response, CancellationTokenSource cts, CancellationToken cancellationToken, CancellationTokenSource pendingRequestsCts)
   at System.Net.Http.HttpClient.<SendAsync>g__Core|83_0(HttpRequestMessage request, HttpCompletionOption completionOption, CancellationTokenSource cts, Boolean disposeCts, CancellationTokenSource pendingRequestsCts, CancellationToken originalCancellationToken)
   at Sdk.WebApi.WebApi.RawHttpClientBase.SendAsync(HttpRequestMessage message, HttpCompletionOption completionOption, Object userState, CancellationToken cancellationToken)
   at Sdk.WebApi.WebApi.RawHttpClientBase.SendAsync[T](HttpRequestMessage message, Boolean readErrorBody, Object userState, CancellationToken cancellationToken)
   at Sdk.WebApi.WebApi.RawHttpClientBase.SendAsync[T](HttpMethod method, IEnumerable`1 additionalHeaders, Uri requestUri, HttpContent content, IEnumerable`1 queryParameters, Boolean readErrorBody, Object userState, CancellationToken cancellationToken)
   at GitHub.Actions.RunService.WebApi.BrokerHttpClient.GetRunnerMessageAsync(Nullable`1 sessionId, String runnerVersion, Nullable`1 status, String os, String architecture, Nullable`1 disableUpdate, CancellationToken cancellationToken)
   at GitHub.Runner.Common.BrokerServer.<>c__DisplayClass7_0.<<GetRunnerMessageAsync>b__0>d.MoveNext()
--- End of stack trace from previous location ---
   at GitHub.Runner.Common.RunnerService.RetryRequest[T](Func`1 func, CancellationToken cancellationToken, Int32 maxRetryAttemptsCount, Func`2 shouldRetry)
[2025-07-29 14:17:06Z ERR  BrokerServer] #####################################################
[2025-07-29 14:17:06Z ERR  BrokerServer] System.Threading.Tasks.TaskCanceledException: The operation was canceled.
 ---> System.IO.IOException: Unable to read data from the transport connection: Operation canceled.
 ---> System.Net.Sockets.SocketException (89): Operation canceled
   --- End of inner exception stack trace ---
   at System.Net.Sockets.Socket.AwaitableSocketAsyncEventArgs.ThrowException(SocketError error, CancellationToken cancellationToken)
   at System.Net.Sockets.Socket.AwaitableSocketAsyncEventArgs.System.Threading.Tasks.Sources.IValueTaskSource<System.Int32>.GetResult(Int16 token)
   at System.Net.Security.SslStream.EnsureFullTlsFrameAsync[TIOAdapter](CancellationToken cancellationToken, Int32 estimatedSize)
   at System.Runtime.CompilerServices.PoolingAsyncValueTaskMethodBuilder`1.StateMachineBox`1.System.Threading.Tasks.Sources.IValueTaskSource<TResult>.GetResult(Int16 token)
   at System.Net.Security.SslStream.ReadAsyncInternal[TIOAdapter](Memory`1 buffer, CancellationToken cancellationToken)
   at System.Runtime.CompilerServices.PoolingAsyncValueTaskMethodBuilder`1.StateMachineBox`1.System.Threading.Tasks.Sources.IValueTaskSource<TResult>.GetResult(Int16 token)
   at System.Net.Http.HttpConnection.SendAsync(HttpRequestMessage request, Boolean async, CancellationToken cancellationToken)
   --- End of inner exception stack trace ---
   at System.Net.Http.HttpConnection.SendAsync(HttpRequestMessage request, Boolean async, CancellationToken cancellationToken)
   at System.Net.Http.AuthenticationHelper.SendWithNtAuthAsync(HttpRequestMessage request, Uri authUri, Boolean async, ICredentials credentials, Boolean isProxyAuth, HttpConnection connection, HttpConnectionPool connectionPool, CancellationToken cancellationToken)
   at System.Net.Http.HttpConnectionPool.SendWithVersionDetectionAndRetryAsync(HttpRequestMessage request, Boolean async, Boolean doRequestAuth, CancellationToken cancellationToken)
   at System.Net.Http.AuthenticationHelper.SendWithAuthAsync(HttpRequestMessage request, Uri authUri, Boolean async, ICredentials credentials, Boolean preAuthenticate, Boolean isProxyAuth, Boolean doRequestAuth, HttpConnectionPool pool, CancellationToken cancellationToken)
   at System.Net.Http.RedirectHandler.SendAsync(HttpRequestMessage request, Boolean async, CancellationToken cancellationToken)
   at GitHub.Services.Common.RawHttpMessageHandler.SendAsync(HttpRequestMessage request, CancellationToken cancellationToken)
   at GitHub.Services.Common.VssHttpRetryMessageHandler.SendAsync(HttpRequestMessage request, CancellationToken cancellationToken)
   at System.Net.Http.HttpClient.<SendAsync>g__Core|83_0(HttpRequestMessage request, HttpCompletionOption completionOption, CancellationTokenSource cts, Boolean disposeCts, CancellationTokenSource pendingRequestsCts, CancellationToken originalCancellationToken)
[2025-07-29 14:17:06Z ERR  BrokerServer] #####################################################
[2025-07-29 14:17:06Z ERR  BrokerServer] System.IO.IOException: Unable to read data from the transport connection: Operation canceled.
 ---> System.Net.Sockets.SocketException (89): Operation canceled
   --- End of inner exception stack trace ---
   at System.Net.Sockets.Socket.AwaitableSocketAsyncEventArgs.ThrowException(SocketError error, CancellationToken cancellationToken)
   at System.Net.Sockets.Socket.AwaitableSocketAsyncEventArgs.System.Threading.Tasks.Sources.IValueTaskSource<System.Int32>.GetResult(Int16 token)
   at System.Net.Security.SslStream.EnsureFullTlsFrameAsync[TIOAdapter](CancellationToken cancellationToken, Int32 estimatedSize)
   at System.Runtime.CompilerServices.PoolingAsyncValueTaskMethodBuilder`1.StateMachineBox`1.System.Threading.Tasks.Sources.IValueTaskSource<TResult>.GetResult(Int16 token)
   at System.Net.Security.SslStream.ReadAsyncInternal[TIOAdapter](Memory`1 buffer, CancellationToken cancellationToken)
   at System.Runtime.CompilerServices.PoolingAsyncValueTaskMethodBuilder`1.StateMachineBox`1.System.Threading.Tasks.Sources.IValueTaskSource<TResult>.GetResult(Int16 token)
   at System.Net.Http.HttpConnection.SendAsync(HttpRequestMessage request, Boolean async, CancellationToken cancellationToken)
[2025-07-29 14:17:06Z ERR  BrokerServer] #####################################################
[2025-07-29 14:17:06Z ERR  BrokerServer] System.Net.Sockets.SocketException (89): Operation canceled
[2025-07-29 14:17:06Z WARN BrokerServer] Back off 13,212 seconds before next retry. 4 attempt left.
[2025-07-29 14:17:06Z INFO BrokerMessageListener] Get messages has been cancelled using local token source. Continue to get messages with new status.
[2025-07-29 14:19:43Z INFO Terminal] WRITE LINE: Exiting...
[2025-07-29 14:19:43Z INFO ConfigurationStore] IsServiceConfigured()
[2025-07-29 14:19:43Z INFO ConfigurationStore] IsServiceConfigured: False
[2025-07-29 14:19:43Z INFO HostContext] Runner will be shutdown for UserCancelled
[2025-07-29 14:19:43Z WARN GitHubActionsService] GET request to https://broker.actions.githubusercontent.com/message?sessionId=0251e1de-30cb-4d2b-8597-6a373995eef3&status=Online&runnerVersion=2.326.0&os=macOS&architecture=X64&disableUpdate=false has been cancelled.
[2025-07-29 14:19:43Z ERR  BrokerServer] Catch exception during request
[2025-07-29 14:19:43Z ERR  BrokerServer] System.Threading.Tasks.TaskCanceledException: The operation was canceled.
 ---> System.Threading.Tasks.TaskCanceledException: The operation was canceled.
 ---> System.IO.IOException: Unable to read data from the transport connection: Operation canceled.
 ---> System.Net.Sockets.SocketException (89): Operation canceled
   --- End of inner exception stack trace ---
   at System.Net.Sockets.Socket.AwaitableSocketAsyncEventArgs.ThrowException(SocketError error, CancellationToken cancellationToken)
   at System.Net.Sockets.Socket.AwaitableSocketAsyncEventArgs.System.Threading.Tasks.Sources.IValueTaskSource<System.Int32>.GetResult(Int16 token)
   at System.Net.Security.SslStream.EnsureFullTlsFrameAsync[TIOAdapter](CancellationToken cancellationToken, Int32 estimatedSize)
   at System.Runtime.CompilerServices.PoolingAsyncValueTaskMethodBuilder`1.StateMachineBox`1.System.Threading.Tasks.Sources.IValueTaskSource<TResult>.GetResult(Int16 token)
   at System.Net.Security.SslStream.ReadAsyncInternal[TIOAdapter](Memory`1 buffer, CancellationToken cancellationToken)
   at System.Runtime.CompilerServices.PoolingAsyncValueTaskMethodBuilder`1.StateMachineBox`1.System.Threading.Tasks.Sources.IValueTaskSource<TResult>.GetResult(Int16 token)
   at System.Net.Http.HttpConnection.SendAsync(HttpRequestMessage request, Boolean async, CancellationToken cancellationToken)
   --- End of inner exception stack trace ---
   at System.Net.Http.HttpConnection.SendAsync(HttpRequestMessage request, Boolean async, CancellationToken cancellationToken)
   at System.Net.Http.AuthenticationHelper.SendWithNtAuthAsync(HttpRequestMessage request, Uri authUri, Boolean async, ICredentials credentials, Boolean isProxyAuth, HttpConnection connection, HttpConnectionPool connectionPool, CancellationToken cancellationToken)
   at System.Net.Http.HttpConnectionPool.SendWithVersionDetectionAndRetryAsync(HttpRequestMessage request, Boolean async, Boolean doRequestAuth, CancellationToken cancellationToken)
   at System.Net.Http.AuthenticationHelper.SendWithAuthAsync(HttpRequestMessage request, Uri authUri, Boolean async, ICredentials credentials, Boolean preAuthenticate, Boolean isProxyAuth, Boolean doRequestAuth, HttpConnectionPool pool, CancellationToken cancellationToken)
   at System.Net.Http.RedirectHandler.SendAsync(HttpRequestMessage request, Boolean async, CancellationToken cancellationToken)
   at GitHub.Services.Common.RawHttpMessageHandler.SendAsync(HttpRequestMessage request, CancellationToken cancellationToken)
   at GitHub.Services.Common.VssHttpRetryMessageHandler.SendAsync(HttpRequestMessage request, CancellationToken cancellationToken)
   at System.Net.Http.HttpClient.<SendAsync>g__Core|83_0(HttpRequestMessage request, HttpCompletionOption completionOption, CancellationTokenSource cts, Boolean disposeCts, CancellationTokenSource pendingRequestsCts, CancellationToken originalCancellationToken)
   --- End of inner exception stack trace ---
   at System.Net.Http.HttpClient.HandleFailure(Exception e, Boolean telemetryStarted, HttpResponseMessage response, CancellationTokenSource cts, CancellationToken cancellationToken, CancellationTokenSource pendingRequestsCts)
   at System.Net.Http.HttpClient.<SendAsync>g__Core|83_0(HttpRequestMessage request, HttpCompletionOption completionOption, CancellationTokenSource cts, Boolean disposeCts, CancellationTokenSource pendingRequestsCts, CancellationToken originalCancellationToken)
   at Sdk.WebApi.WebApi.RawHttpClientBase.SendAsync(HttpRequestMessage message, HttpCompletionOption completionOption, Object userState, CancellationToken cancellationToken)
   at Sdk.WebApi.WebApi.RawHttpClientBase.SendAsync[T](HttpRequestMessage message, Boolean readErrorBody, Object userState, CancellationToken cancellationToken)
   at Sdk.WebApi.WebApi.RawHttpClientBase.SendAsync[T](HttpMethod method, IEnumerable`1 additionalHeaders, Uri requestUri, HttpContent content, IEnumerable`1 queryParameters, Boolean readErrorBody, Object userState, CancellationToken cancellationToken)
   at GitHub.Actions.RunService.WebApi.BrokerHttpClient.GetRunnerMessageAsync(Nullable`1 sessionId, String runnerVersion, Nullable`1 status, String os, String architecture, Nullable`1 disableUpdate, CancellationToken cancellationToken)
   at GitHub.Runner.Common.BrokerServer.<>c__DisplayClass7_0.<<GetRunnerMessageAsync>b__0>d.MoveNext()
--- End of stack trace from previous location ---
   at GitHub.Runner.Common.RunnerService.RetryRequest[T](Func`1 func, CancellationToken cancellationToken, Int32 maxRetryAttemptsCount, Func`2 shouldRetry)
[2025-07-29 14:19:43Z ERR  BrokerServer] #####################################################
[2025-07-29 14:19:43Z ERR  BrokerServer] System.Threading.Tasks.TaskCanceledException: The operation was canceled.
 ---> System.IO.IOException: Unable to read data from the transport connection: Operation canceled.
 ---> System.Net.Sockets.SocketException (89): Operation canceled
   --- End of inner exception stack trace ---
   at System.Net.Sockets.Socket.AwaitableSocketAsyncEventArgs.ThrowException(SocketError error, CancellationToken cancellationToken)
   at System.Net.Sockets.Socket.AwaitableSocketAsyncEventArgs.System.Threading.Tasks.Sources.IValueTaskSource<System.Int32>.GetResult(Int16 token)
   at System.Net.Security.SslStream.EnsureFullTlsFrameAsync[TIOAdapter](CancellationToken cancellationToken, Int32 estimatedSize)
   at System.Runtime.CompilerServices.PoolingAsyncValueTaskMethodBuilder`1.StateMachineBox`1.System.Threading.Tasks.Sources.IValueTaskSource<TResult>.GetResult(Int16 token)
   at System.Net.Security.SslStream.ReadAsyncInternal[TIOAdapter](Memory`1 buffer, CancellationToken cancellationToken)
   at System.Runtime.CompilerServices.PoolingAsyncValueTaskMethodBuilder`1.StateMachineBox`1.System.Threading.Tasks.Sources.IValueTaskSource<TResult>.GetResult(Int16 token)
   at System.Net.Http.HttpConnection.SendAsync(HttpRequestMessage request, Boolean async, CancellationToken cancellationToken)
   --- End of inner exception stack trace ---
   at System.Net.Http.HttpConnection.SendAsync(HttpRequestMessage request, Boolean async, CancellationToken cancellationToken)
   at System.Net.Http.AuthenticationHelper.SendWithNtAuthAsync(HttpRequestMessage request, Uri authUri, Boolean async, ICredentials credentials, Boolean isProxyAuth, HttpConnection connection, HttpConnectionPool connectionPool, CancellationToken cancellationToken)
   at System.Net.Http.HttpConnectionPool.SendWithVersionDetectionAndRetryAsync(HttpRequestMessage request, Boolean async, Boolean doRequestAuth, CancellationToken cancellationToken)
   at System.Net.Http.AuthenticationHelper.SendWithAuthAsync(HttpRequestMessage request, Uri authUri, Boolean async, ICredentials credentials, Boolean preAuthenticate, Boolean isProxyAuth, Boolean doRequestAuth, HttpConnectionPool pool, CancellationToken cancellationToken)
   at System.Net.Http.RedirectHandler.SendAsync(HttpRequestMessage request, Boolean async, CancellationToken cancellationToken)
   at GitHub.Services.Common.RawHttpMessageHandler.SendAsync(HttpRequestMessage request, CancellationToken cancellationToken)
   at GitHub.Services.Common.VssHttpRetryMessageHandler.SendAsync(HttpRequestMessage request, CancellationToken cancellationToken)
   at System.Net.Http.HttpClient.<SendAsync>g__Core|83_0(HttpRequestMessage request, HttpCompletionOption completionOption, CancellationTokenSource cts, Boolean disposeCts, CancellationTokenSource pendingRequestsCts, CancellationToken originalCancellationToken)
[2025-07-29 14:19:43Z ERR  BrokerServer] #####################################################
[2025-07-29 14:19:43Z ERR  BrokerServer] System.IO.IOException: Unable to read data from the transport connection: Operation canceled.
 ---> System.Net.Sockets.SocketException (89): Operation canceled
   --- End of inner exception stack trace ---
   at System.Net.Sockets.Socket.AwaitableSocketAsyncEventArgs.ThrowException(SocketError error, CancellationToken cancellationToken)
   at System.Net.Sockets.Socket.AwaitableSocketAsyncEventArgs.System.Threading.Tasks.Sources.IValueTaskSource<System.Int32>.GetResult(Int16 token)
   at System.Net.Security.SslStream.EnsureFullTlsFrameAsync[TIOAdapter](CancellationToken cancellationToken, Int32 estimatedSize)
   at System.Runtime.CompilerServices.PoolingAsyncValueTaskMethodBuilder`1.StateMachineBox`1.System.Threading.Tasks.Sources.IValueTaskSource<TResult>.GetResult(Int16 token)
   at System.Net.Security.SslStream.ReadAsyncInternal[TIOAdapter](Memory`1 buffer, CancellationToken cancellationToken)
   at System.Runtime.CompilerServices.PoolingAsyncValueTaskMethodBuilder`1.StateMachineBox`1.System.Threading.Tasks.Sources.IValueTaskSource<TResult>.GetResult(Int16 token)
   at System.Net.Http.HttpConnection.SendAsync(HttpRequestMessage request, Boolean async, CancellationToken cancellationToken)
[2025-07-29 14:19:43Z ERR  BrokerServer] #####################################################
[2025-07-29 14:19:43Z ERR  BrokerServer] System.Net.Sockets.SocketException (89): Operation canceled
[2025-07-29 14:19:43Z WARN BrokerServer] Back off 11,2 seconds before next retry. 4 attempt left.
[2025-07-29 14:19:43Z INFO BrokerMessageListener] Get next message has been cancelled.
[2025-07-29 14:19:43Z INFO JobDispatcher] Shutting down JobDispatcher. Make sure all WorkerDispatcher has finished.
[2025-07-29 14:19:43Z INFO JobDispatcher] Ensure WorkerDispatcher for job f3e3e943-9966-5455-afbe-1457f7b1c13e run to finish, cancel any running job.
[2025-07-29 14:19:43Z INFO JobDispatcher] Job request f3e3e943-9966-5455-afbe-1457f7b1c13e processed succeed.
[2025-07-29 14:19:43Z INFO Runner] Deleting Runner Session...
[2025-07-29 14:19:44Z INFO Listener] Runner execution been cancelled.
